"../../../../../../Users/Brandon/Documents/Unreal Projects/TechChallenge/Content/JediTemple00-2400x1200-784013996319.uasset" 0
"../../../../../../Users/Brandon/Documents/Unreal Projects/TechChallenge/Content/JediTemple00-2400x1200-784013996319_Mat.uasset" 1
"../../../../../../Users/Brandon/Documents/Unreal Projects/TechChallenge/Content/Blueprints/Savepoints/Level_Instance_BP.uasset" 2
"../../../../../../Users/Brandon/Documents/Unreal Projects/TechChallenge/Content/Mannequin/Character/Mesh/UE4_Mannequin_Skeleton.uasset" 3
"../../../../../../Users/Brandon/Documents/Unreal Projects/TechChallenge/Content/Mannequin/Animations/ThirdPerson_Jump.uasset" 4
"../../../../../../Users/Brandon/Documents/Unreal Projects/TechChallenge/Content/Mannequin/Animations/ThirdPersonJump_Loop.uasset" 5
"../../../../../../Users/Brandon/Documents/Unreal Projects/TechChallenge/Content/Mannequin/Animations/ThirdPersonJump_Start.uasset" 6
"../../../../../../Users/Brandon/Documents/Unreal Projects/TechChallenge/Content/Mannequin/Animations/ThirdPersonIdle.uasset" 7
"../../../../../../Users/Brandon/Documents/Unreal Projects/TechChallenge/Content/Mannequin/Animations/ThirdPersonRun.uasset" 8
"../../../../../../Users/Brandon/Documents/Unreal Projects/TechChallenge/Content/Mannequin/Animations/ThirdPersonWalk.uasset" 9
"../../../../../../Users/Brandon/Documents/Unreal Projects/TechChallenge/Content/Mannequin/Animations/ThirdPerson_IdleRun_2D.uasset" 10
"../../../Engine/Content/EditorBlueprintResources/StandardMacros.uasset" 11
"../../../../../../Users/Brandon/Documents/Unreal Projects/TechChallenge/Content/Mannequin/Animations/ThirdPerson_AnimBP.uasset" 12
"../../../../../../Users/Brandon/Documents/Unreal Projects/TechChallenge/Content/Blueprints/NPCs/Dialogue_System_BPI.uasset" 13
"../../../../../../Users/Brandon/Documents/Unreal Projects/TechChallenge/Content/Blueprints/Savepoints/Save_State_BP.uasset" 14
"../../../../../../Users/Brandon/Documents/Unreal Projects/TechChallenge/Content/Blueprints/Savepoints/Checkpoint_Material.uasset" 15
"../../../../../../Users/Brandon/Documents/Unreal Projects/TechChallenge/Content/StarterContent/Props/Materials/M_MaterialSphere_Plain.uasset" 16
"../../../Engine/Content/Functions/Engine_MaterialFunctions01/Opacity/CameraDepthFade.uasset" 17
"../../../Engine/Content/EngineMaterials/T_Default_Material_Grid_M.uasset" 18
"../../../Engine/Content/EngineMaterials/T_Default_Material_Grid_N.uasset" 19
"../../../Engine/Content/EngineMaterials/WorldGridMaterial.uasset" 20
"../../../../../../Users/Brandon/Documents/Unreal Projects/TechChallenge/Content/StarterContent/Props/MaterialSphere.uasset" 21
"../../../../../../Users/Brandon/Documents/Unreal Projects/TechChallenge/Content/StarterContent/Textures/T_Lamp_M.uasset" 22
"../../../../../../Users/Brandon/Documents/Unreal Projects/TechChallenge/Content/StarterContent/Textures/T_Lamp_N.uasset" 23
"../../../../../../Users/Brandon/Documents/Unreal Projects/TechChallenge/Content/StarterContent/Props/Materials/M_Lamp.uasset" 24
"../../../../../../Users/Brandon/Documents/Unreal Projects/TechChallenge/Content/StarterContent/Props/SM_Lamp_Wall.uasset" 25
"../../../../../../Users/Brandon/Documents/Unreal Projects/TechChallenge/Content/Blueprints/Savepoints/Savepoint_BP.uasset" 26
"../../../../../../Users/Brandon/Documents/Unreal Projects/TechChallenge/Content/Blueprints/Savepoints/Level_Manager_BP.uasset" 27
"../../../../../../Users/Brandon/Documents/Unreal Projects/TechChallenge/Content/ThirdPersonBP/Blueprints/ThirdPersonGameMode.uasset" 28
"../../../Engine/Content/Functions/Engine_MaterialFunctions02/Utility/BlendAngleCorrectedNormals.uasset" 29
"../../../Engine/Content/Functions/MaterialLayerFunctions/MatLayerBlend_NormalBlend.uasset" 30
"../../../Engine/Content/Functions/MaterialLayerFunctions/MatLayerBlend_Simple.uasset" 31
"../../../../../../Users/Brandon/Documents/Unreal Projects/TechChallenge/Content/Mannequin/Character/Materials/MaterialLayers/T_ML_Rubber_Blue_01_D.uasset" 32
"../../../../../../Users/Brandon/Documents/Unreal Projects/TechChallenge/Content/Mannequin/Character/Materials/MaterialLayers/T_ML_Rubber_Blue_01_N.uasset" 33
"../../../../../../Users/Brandon/Documents/Unreal Projects/TechChallenge/Content/Mannequin/Character/Materials/MaterialLayers/ML_GlossyBlack_Latex_UE4.uasset" 34
"../../../../../../Users/Brandon/Documents/Unreal Projects/TechChallenge/Content/Mannequin/Character/Materials/MaterialLayers/ML_Plastic_Shiny_Beige.uasset" 35
"../../../../../../Users/Brandon/Documents/Unreal Projects/TechChallenge/Content/Mannequin/Character/Textures/UE4_LOGO_CARD.uasset" 36
"../../../../../../Users/Brandon/Documents/Unreal Projects/TechChallenge/Content/Mannequin/Character/Materials/MaterialLayers/ML_Plastic_Shiny_Beige_LOGO.uasset" 37
"../../../../../../Users/Brandon/Documents/Unreal Projects/TechChallenge/Content/Mannequin/Character/Materials/MaterialLayers/T_ML_Aluminum01.uasset" 38
"../../../../../../Users/Brandon/Documents/Unreal Projects/TechChallenge/Content/Mannequin/Character/Materials/MaterialLayers/T_ML_Aluminum01_N.uasset" 39
"../../../../../../Users/Brandon/Documents/Unreal Projects/TechChallenge/Content/Mannequin/Character/Materials/MaterialLayers/ML_SoftMetal_UE4.uasset" 40
"../../../../../../Users/Brandon/Documents/Unreal Projects/TechChallenge/Content/Mannequin/Character/Textures/UE4_Mannequin__normals.uasset" 41
"../../../../../../Users/Brandon/Documents/Unreal Projects/TechChallenge/Content/Mannequin/Character/Textures/UE4_Mannequin_MAT_MASKA.uasset" 42
"../../../../../../Users/Brandon/Documents/Unreal Projects/TechChallenge/Content/Mannequin/Character/Materials/M_UE4Man_Body.uasset" 43
"../../../../../../Users/Brandon/Documents/Unreal Projects/TechChallenge/Content/Mannequin/Character/Textures/UE4Man_Logo_N.uasset" 44
"../../../../../../Users/Brandon/Documents/Unreal Projects/TechChallenge/Content/Mannequin/Character/Materials/M_UE4Man_ChestLogo.uasset" 45
"../../../../../../Users/Brandon/Documents/Unreal Projects/TechChallenge/Content/Mannequin/Character/Mesh/SK_Mannequin_PhysicsAsset.uasset" 46
"../../../../../../Users/Brandon/Documents/Unreal Projects/TechChallenge/Content/Mannequin/Character/Mesh/SK_Mannequin.uasset" 47
"../../../../../../Users/Brandon/Documents/Unreal Projects/TechChallenge/Content/ThirdPersonBP/Blueprints/ThirdPersonCharacter.uasset" 48
"../../../../../../Users/Brandon/Documents/Unreal Projects/TechChallenge/Content/StarterContent/Materials/M_Basic_Wall.uasset" 49
"../../../../../../Users/Brandon/Documents/Unreal Projects/TechChallenge/Content/StarterContent/Shapes/Shape_NarrowCapsule.uasset" 50
"../../../../../../Users/Brandon/Documents/Unreal Projects/TechChallenge/Content/Blueprints/Collectibles/Collectible_BP.uasset" 51
"../../../../../../Users/Brandon/Documents/Unreal Projects/TechChallenge/Content/Blueprints/Collectibles/DoubleJump_Material.uasset" 52
"../../../../../../Users/Brandon/Documents/Unreal Projects/TechChallenge/Content/Blueprints/Collectibles/Collectible_DoubleJump_CBP.uasset" 53
"../../../../../../Users/Brandon/Documents/Unreal Projects/TechChallenge/Content/Blueprints/Collectible_Child_DoubleJump_BP.uasset" 54
"../../../../../../Users/Brandon/Documents/Unreal Projects/TechChallenge/Content/Blueprints/Collectible_BP.uasset" 55
"../../../../../../Users/Brandon/Documents/Unreal Projects/TechChallenge/Content/Blueprints/DoubleJump_BP.uasset" 56
"../../../../../../Users/Brandon/Documents/Unreal Projects/TechChallenge/Content/Blueprints/Traps/Projectile_Material.uasset" 57
"../../../../../../Users/Brandon/Documents/Unreal Projects/TechChallenge/Content/Blueprints/Traps/Trap_Projectile_BP.uasset" 58
"../../../../../../Users/Brandon/Documents/Unreal Projects/TechChallenge/Content/Geometry/Meshes/CubeMaterial.uasset" 59
"../../../../../../Users/Brandon/Documents/Unreal Projects/TechChallenge/Content/Geometry/Meshes/1M_Cube.uasset" 60
"../../../../../../Users/Brandon/Documents/Unreal Projects/TechChallenge/Content/Blueprints/Traps/Trap_BP.uasset" 61
"../../../../../../Users/Brandon/Documents/Unreal Projects/TechChallenge/Content/Blueprints/Trap_BP.uasset" 62
"../../../../../../Users/Brandon/Documents/Unreal Projects/TechChallenge/Content/Blueprints/Savepoints/Testpoint_BP.uasset" 63
"../../../../../../Users/Brandon/Documents/Unreal Projects/TechChallenge/Content/Geometry/Meshes/1M_Cube_Chamfer.uasset" 64
"../../../../../../Users/Brandon/Documents/Unreal Projects/TechChallenge/Content/Geometry/Meshes/TemplateFloor.uasset" 65
"../../../../../../Users/Brandon/Documents/Unreal Projects/TechChallenge/Content/Mannequin/Animations/ThirdPersonJump_End.uasset" 66
"../../../../../../Users/Brandon/Documents/Unreal Projects/TechChallenge/Content/StarterContent/Architecture/Pillar_50x500.uasset" 67
"../../../../../../Users/Brandon/Documents/Unreal Projects/TechChallenge/Content/StarterContent/Architecture/Wall_400x300.uasset" 68
"../../../../../../Users/Brandon/Documents/Unreal Projects/TechChallenge/Content/StarterContent/Architecture/Wall_400x400.uasset" 69
"../../../../../../Users/Brandon/Documents/Unreal Projects/TechChallenge/Content/StarterContent/Architecture/Wall_500x500.uasset" 70
"../../../../../../Users/Brandon/Documents/Unreal Projects/TechChallenge/Content/StarterContent/Architecture/Wall_Door_400x400.uasset" 71
"../../../../../../Users/Brandon/Documents/Unreal Projects/TechChallenge/Content/StarterContent/Architecture/Wall_Window_400x400.uasset" 72
"../../../../../../Users/Brandon/Documents/Unreal Projects/TechChallenge/Content/StarterContent/Audio/Collapse01.uasset" 73
"../../../../../../Users/Brandon/Documents/Unreal Projects/TechChallenge/Content/StarterContent/Audio/Collapse02.uasset" 74
"../../../../../../Users/Brandon/Documents/Unreal Projects/TechChallenge/Content/StarterContent/Audio/Explosion01.uasset" 75
"../../../../../../Users/Brandon/Documents/Unreal Projects/TechChallenge/Content/StarterContent/Audio/Explosion02.uasset" 76
"../../../../../../Users/Brandon/Documents/Unreal Projects/TechChallenge/Content/StarterContent/Audio/Fire01.uasset" 77
"../../../../../../Users/Brandon/Documents/Unreal Projects/TechChallenge/Content/StarterContent/Audio/Fire_Sparks01.uasset" 78
"../../../../../../Users/Brandon/Documents/Unreal Projects/TechChallenge/Content/StarterContent/Audio/Light01.uasset" 79
"../../../../../../Users/Brandon/Documents/Unreal Projects/TechChallenge/Content/StarterContent/Audio/Light01_Cue.uasset" 80
"../../../../../../Users/Brandon/Documents/Unreal Projects/TechChallenge/Content/StarterContent/Audio/Light02.uasset" 81
"../../../../../../Users/Brandon/Documents/Unreal Projects/TechChallenge/Content/StarterContent/Audio/Light02_Cue.uasset" 82
"../../../../../../Users/Brandon/Documents/Unreal Projects/TechChallenge/Content/StarterContent/Audio/Smoke01.uasset" 83
"../../../../../../Users/Brandon/Documents/Unreal Projects/TechChallenge/Content/StarterContent/Audio/Starter_Birds01.uasset" 84
"../../../../../../Users/Brandon/Documents/Unreal Projects/TechChallenge/Content/StarterContent/Audio/Starter_Music01.uasset" 85
"../../../../../../Users/Brandon/Documents/Unreal Projects/TechChallenge/Content/StarterContent/Audio/Starter_Wind05.uasset" 86
"../../../../../../Users/Brandon/Documents/Unreal Projects/TechChallenge/Content/StarterContent/Audio/Starter_Wind06.uasset" 87
"../../../../../../Users/Brandon/Documents/Unreal Projects/TechChallenge/Content/StarterContent/Audio/Steam01.uasset" 88
"../../../../../../Users/Brandon/Documents/Unreal Projects/TechChallenge/Content/StarterContent/Audio/Explosion_Cue.uasset" 89
"../../../../../../Users/Brandon/Documents/Unreal Projects/TechChallenge/Content/StarterContent/Textures/T_Burst_M.uasset" 90
"../../../../../../Users/Brandon/Documents/Unreal Projects/TechChallenge/Content/StarterContent/Particles/Materials/M_Burst.uasset" 91
"../../../../../../Users/Brandon/Documents/Unreal Projects/TechChallenge/Content/StarterContent/Textures/T_Explosion_SubUV.uasset" 92
"../../../../../../Users/Brandon/Documents/Unreal Projects/TechChallenge/Content/StarterContent/Particles/Materials/M_explosion_subUV.uasset" 93
"../../../../../../Users/Brandon/Documents/Unreal Projects/TechChallenge/Content/StarterContent/Particles/Materials/m_flare_01.uasset" 94
"../../../Engine/Content/Functions/Engine_MaterialFunctions01/Gradient/RadialGradient.uasset" 95
"../../../../../../Users/Brandon/Documents/Unreal Projects/TechChallenge/Content/StarterContent/Particles/Materials/M_radial_ramp.uasset" 96
"../../../../../../Users/Brandon/Documents/Unreal Projects/TechChallenge/Content/StarterContent/Textures/T_Smoke_SubUV.uasset" 97
"../../../../../../Users/Brandon/Documents/Unreal Projects/TechChallenge/Content/StarterContent/Textures/T_Smoke_Tiled_D.uasset" 98
"../../../../../../Users/Brandon/Documents/Unreal Projects/TechChallenge/Content/StarterContent/Particles/Materials/M_smoke_subUV.uasset" 99
"../../../../../../Users/Brandon/Documents/Unreal Projects/TechChallenge/Content/StarterContent/Particles/P_Explosion.uasset" 100
"../../../../../../Users/Brandon/Documents/Unreal Projects/TechChallenge/Content/StarterContent/Blueprints/Blueprint_Effect_Explosion.uasset" 101
"../../../Engine/Content/EditorMeshes/ColorCalibrator/T_ColorGrid.uasset" 102
"../../../../../../Users/Brandon/Documents/Unreal Projects/TechChallenge/Content/StarterContent/Materials/M_ColorGrid_LowSpec.uasset" 103
"../../../../../../Users/Brandon/Documents/Unreal Projects/TechChallenge/Content/StarterContent/Textures/T_Bush_D.uasset" 104
"../../../../../../Users/Brandon/Documents/Unreal Projects/TechChallenge/Content/StarterContent/Textures/T_Bush_N.uasset" 105
"../../../../../../Users/Brandon/Documents/Unreal Projects/TechChallenge/Content/StarterContent/Props/Materials/M_Bush.uasset" 106
"../../../../../../Users/Brandon/Documents/Unreal Projects/TechChallenge/Content/StarterContent/Props/SM_Bush.uasset" 107
"../../../../../../Users/Brandon/Documents/Unreal Projects/TechChallenge/Content/StarterContent/Textures/T_Chair_M.uasset" 108
"../../../../../../Users/Brandon/Documents/Unreal Projects/TechChallenge/Content/StarterContent/Textures/T_Chair_N.uasset" 109
"../../../../../../Users/Brandon/Documents/Unreal Projects/TechChallenge/Content/StarterContent/Props/Materials/M_Chair.uasset" 110
"../../../../../../Users/Brandon/Documents/Unreal Projects/TechChallenge/Content/StarterContent/Props/SM_Couch.uasset" 111
"../../../../../../Users/Brandon/Documents/Unreal Projects/TechChallenge/Content/StarterContent/Materials/M_Glass.uasset" 112
"../../../../../../Users/Brandon/Documents/Unreal Projects/TechChallenge/Content/StarterContent/Textures/T_Door_M.uasset" 113
"../../../../../../Users/Brandon/Documents/Unreal Projects/TechChallenge/Content/StarterContent/Textures/T_Door_N.uasset" 114
"../../../../../../Users/Brandon/Documents/Unreal Projects/TechChallenge/Content/StarterContent/Props/Materials/M_Door.uasset" 115
"../../../../../../Users/Brandon/Documents/Unreal Projects/TechChallenge/Content/StarterContent/Props/SM_Door.uasset" 116
"../../../../../../Users/Brandon/Documents/Unreal Projects/TechChallenge/Content/StarterContent/Props/Materials/M_MaterialSphere.uasset" 117
"../../../../../../Users/Brandon/Documents/Unreal Projects/TechChallenge/Content/StarterContent/Props/SM_MatPreviewMesh_02.uasset" 118
"../../../../../../Users/Brandon/Documents/Unreal Projects/TechChallenge/Content/StarterContent/Textures/T_Detail_Rocky_N.uasset" 119
"../../../../../../Users/Brandon/Documents/Unreal Projects/TechChallenge/Content/StarterContent/Textures/T_Rock_Basalt_D.uasset" 120
"../../../../../../Users/Brandon/Documents/Unreal Projects/TechChallenge/Content/StarterContent/Textures/T_RockMesh_M.uasset" 121
"../../../../../../Users/Brandon/Documents/Unreal Projects/TechChallenge/Content/StarterContent/Textures/T_RockMesh_N.uasset" 122
"../../../../../../Users/Brandon/Documents/Unreal Projects/TechChallenge/Content/StarterContent/Props/Materials/M_Rock.uasset" 123
"../../../../../../Users/Brandon/Documents/Unreal Projects/TechChallenge/Content/StarterContent/Props/SM_Rock.uasset" 124
"../../../../../../Users/Brandon/Documents/Unreal Projects/TechChallenge/Content/StarterContent/Textures/T_Shelf_M.uasset" 125
"../../../../../../Users/Brandon/Documents/Unreal Projects/TechChallenge/Content/StarterContent/Textures/T_Shelf_N.uasset" 126
"../../../../../../Users/Brandon/Documents/Unreal Projects/TechChallenge/Content/StarterContent/Props/Materials/M_Shelf.uasset" 127
"../../../../../../Users/Brandon/Documents/Unreal Projects/TechChallenge/Content/StarterContent/Props/SM_Shelf.uasset" 128
"../../../../../../Users/Brandon/Documents/Unreal Projects/TechChallenge/Content/StarterContent/Materials/M_Basic_Floor.uasset" 129
"../../../../../../Users/Brandon/Documents/Unreal Projects/TechChallenge/Content/StarterContent/Props/SM_Stairs.uasset" 130
"../../../../../../Users/Brandon/Documents/Unreal Projects/TechChallenge/Content/StarterContent/Shapes/Shape_Cone.uasset" 131
"../../../../../../Users/Brandon/Documents/Unreal Projects/TechChallenge/Content/StarterContent/Shapes/Shape_Cylinder.uasset" 132
"../../../../../../Users/Brandon/Documents/Unreal Projects/TechChallenge/Content/StarterContent/Shapes/Shape_Pipe.uasset" 133
"../../../../../../Users/Brandon/Documents/Unreal Projects/TechChallenge/Content/StarterContent/Shapes/Shape_Pipe_180.uasset" 134
"../../../../../../Users/Brandon/Documents/Unreal Projects/TechChallenge/Content/StarterContent/Shapes/Shape_Pipe_90.uasset" 135
"../../../../../../Users/Brandon/Documents/Unreal Projects/TechChallenge/Content/StarterContent/Shapes/Shape_Plane.uasset" 136
"../../../../../../Users/Brandon/Documents/Unreal Projects/TechChallenge/Content/StarterContent/Shapes/Shape_Torus.uasset" 137
"../../../../../../Users/Brandon/Documents/Unreal Projects/TechChallenge/Content/StarterContent/Shapes/Shape_Trim.uasset" 138
"../../../../../../Users/Brandon/Documents/Unreal Projects/TechChallenge/Content/StarterContent/Shapes/Shape_Trim_90_In.uasset" 139
"../../../../../../Users/Brandon/Documents/Unreal Projects/TechChallenge/Content/StarterContent/Shapes/Shape_Trim_90_Out.uasset" 140
"../../../../../../Users/Brandon/Documents/Unreal Projects/TechChallenge/Content/StarterContent/Shapes/Shape_TriPyramid.uasset" 141
"../../../../../../Users/Brandon/Documents/Unreal Projects/TechChallenge/Content/StarterContent/Shapes/Shape_Tube.uasset" 142
"../../../../../../Users/Brandon/Documents/Unreal Projects/TechChallenge/Content/StarterContent/Shapes/Shape_Wedge_A.uasset" 143
"../../../../../../Users/Brandon/Documents/Unreal Projects/TechChallenge/Content/StarterContent/Shapes/Shape_Wedge_B.uasset" 144
"../../../../../../Users/Brandon/Documents/Unreal Projects/TechChallenge/Content/StarterContent/Shapes/Shape_WideCapsule.uasset" 145
"../../../../../../Users/Brandon/Documents/Unreal Projects/TechChallenge/Content/SuperGrid/StarterPack/Blueprints/S_SuperGridGroup.uasset" 146
"../../../../../../Users/Brandon/Documents/Unreal Projects/TechChallenge/Content/SuperGrid/StarterPack/Blueprints/SuperGridAssetInterface.uasset" 147
"../../../../../../Users/Brandon/Documents/Unreal Projects/TechChallenge/Content/SuperGrid/StarterPack/Source/Textures/Templates/T_SGGroup.uasset" 148
"../../../../../../Users/Brandon/Documents/Unreal Projects/TechChallenge/Content/SuperGrid/StarterPack/Blueprints/SuperGrid_Group.uasset" 149
"../../../Engine/Content/Functions/Engine_MaterialFunctions02/Utility/BreakOutFloat3Components.uasset" 150
"../../../Engine/Content/Functions/Engine_MaterialFunctions02/Utility/MakeFloat3.uasset" 151
"../../../Engine/Content/Functions/Engine_MaterialFunctions02/Utility/Sign.uasset" 152
"../../../Engine/Content/Functions/Engine_MaterialFunctions02/Utility/Round.uasset" 153
"../../../Engine/Content/Functions/Engine_MaterialFunctions02/Utility/VectorLength.uasset" 154
"../../../Engine/Content/Functions/Engine_MaterialFunctions02/WorldPositionOffset/ObjectScale.uasset" 155
"../../../../../../Users/Brandon/Documents/Unreal Projects/TechChallenge/Content/SuperGrid/StarterPack/Materials/Functions/Basic/BreakSet.uasset" 156
"../../../../../../Users/Brandon/Documents/Unreal Projects/TechChallenge/Content/SuperGrid/StarterPack/Materials/Functions/Basic/MakeSet.uasset" 157
"../../../../../../Users/Brandon/Documents/Unreal Projects/TechChallenge/Content/SuperGrid/StarterPack/Materials/Functions/Basic/Roughness.uasset" 158
"../../../../../../Users/Brandon/Documents/Unreal Projects/TechChallenge/Content/SuperGrid/StarterPack/Materials/Functions/Texture/Dye_SingleColor.uasset" 159
"../../../../../../Users/Brandon/Documents/Unreal Projects/TechChallenge/Content/SuperGrid/StarterPack/Source/Textures/T_BasicGrid_M.uasset" 160
"../../../../../../Users/Brandon/Documents/Unreal Projects/TechChallenge/Content/SuperGrid/StarterPack/Materials/Functions/Texture/Tex_SimpleGrid.uasset" 161
"../../../../../../Users/Brandon/Documents/Unreal Projects/TechChallenge/Content/SuperGrid/StarterPack/Materials/Functions/UV/UV_ObjectScalable.uasset" 162
"../../../../../../Users/Brandon/Documents/Unreal Projects/TechChallenge/Content/SuperGrid/StarterPack/Materials/Functions/UV/UV_SetupGrid.uasset" 163
"../../../../../../Users/Brandon/Documents/Unreal Projects/TechChallenge/Content/SuperGrid/StarterPack/Source/Textures/T_BasicGrid_N.uasset" 164
"../../../../../../Users/Brandon/Documents/Unreal Projects/TechChallenge/Content/SuperGrid/StarterPack/Materials/Base/M_SuperGrid_SingleColor.uasset" 165
"../../../../../../Users/Brandon/Documents/Unreal Projects/TechChallenge/Content/SuperGrid/StarterPack/Materials/Palette/Grids/M_SuperGrid_DefaultBlack.uasset" 166
"../../../../../../Users/Brandon/Documents/Unreal Projects/TechChallenge/Content/SuperGrid/StarterPack/Source/Textures/Templates/T_SGLogo.uasset" 167
"../../../../../../Users/Brandon/Documents/Unreal Projects/TechChallenge/Content/SuperGrid/StarterPack/Blueprints/SuperGrid_Master.uasset" 168
"../../../../../../Users/Brandon/Documents/Unreal Projects/TechChallenge/Content/SuperGrid/StarterPack/Materials/Functions/Basic/Layout_LocalSides.uasset" 169
"../../../../../../Users/Brandon/Documents/Unreal Projects/TechChallenge/Content/SuperGrid/StarterPack/Materials/Functions/Basic/Layout_WorldSides.uasset" 170
"../../../../../../Users/Brandon/Documents/Unreal Projects/TechChallenge/Content/SuperGrid/StarterPack/Materials/Base/M_SuperGrid_Orientation.uasset" 171
"../../../../../../Users/Brandon/Documents/Unreal Projects/TechChallenge/Content/SuperGrid/StarterPack/Materials/Palette/Advanced/M_SuperGrid_Auto.uasset" 172
"../../../../../../Users/Brandon/Documents/Unreal Projects/TechChallenge/Content/SuperGrid/StarterPack/Materials/Palette/Grids/M_SuperGrid_Default.uasset" 173
"../../../../../../Users/Brandon/Documents/Unreal Projects/TechChallenge/Content/SuperGrid/StarterPack/Source/Meshes/SuperGrid_BoxCentered.uasset" 174
"../../../../../../Users/Brandon/Documents/Unreal Projects/TechChallenge/Content/SuperGrid/StarterPack/Source/Meshes/SuperGrid_CylinderFull.uasset" 175
"../../../../../../Users/Brandon/Documents/Unreal Projects/TechChallenge/Content/SuperGrid/StarterPack/Blueprints/SuperGrid_Wall.uasset" 176
"../../../../../../Users/Brandon/Documents/Unreal Projects/TechChallenge/Content/SuperGrid/StarterPack/Materials/Functions/Texture/Dye_MultiColor.uasset" 177
"../../../../../../Users/Brandon/Documents/Unreal Projects/TechChallenge/Content/SuperGrid/StarterPack/Materials/Base/M_Tutorial.uasset" 178
"../../../../../../Users/Brandon/Documents/Unreal Projects/TechChallenge/Content/SuperGrid/StarterPack/Materials/Functions/Texture/Dye_4ColorBasic.uasset" 179
"../../../../../../Users/Brandon/Documents/Unreal Projects/TechChallenge/Content/SuperGrid/StarterPack/Materials/Functions/UV/UV_WorldScalable.uasset" 180
"../../../../../../Users/Brandon/Documents/Unreal Projects/TechChallenge/Content/SuperGrid/StarterPack/Source/Textures/T_ConcreteWall_M.uasset" 181
"../../../../../../Users/Brandon/Documents/Unreal Projects/TechChallenge/Content/SuperGrid/StarterPack/Source/Textures/T_ConcreteWall_N.uasset" 182
"../../../../../../Users/Brandon/Documents/Unreal Projects/TechChallenge/Content/SuperGrid/StarterPack/Source/Textures/T_ConcreteWall_R.uasset" 183
"../../../../../../Users/Brandon/Documents/Unreal Projects/TechChallenge/Content/SuperGrid/StarterPack/Materials/Base/M_SuperGrid_Architectural.uasset" 184
"../../../../../../Users/Brandon/Documents/Unreal Projects/TechChallenge/Content/SuperGrid/StarterPack/Materials/Palette/Advanced/M_SuperGrid_Architectural_Black.uasset" 185
"../../../../../../Users/Brandon/Documents/Unreal Projects/TechChallenge/Content/SuperGrid/StarterPack/Materials/Functions/UV/UV_CustomTexture.uasset" 186
"../../../../../../Users/Brandon/Documents/Unreal Projects/TechChallenge/Content/SuperGrid/StarterPack/Source/Textures/T_Hexagon_N.uasset" 187
"../../../../../../Users/Brandon/Documents/Unreal Projects/TechChallenge/Content/SuperGrid/StarterPack/Source/Textures/T_HexagonRandom.uasset" 188
"../../../../../../Users/Brandon/Documents/Unreal Projects/TechChallenge/Content/SuperGrid/StarterPack/Materials/Base/M_SuperGrid_Hexagon.uasset" 189
"../../../../../../Users/Brandon/Documents/Unreal Projects/TechChallenge/Content/SuperGrid/StarterPack/Materials/Palette/Advanced/M_SuperGrid_HexagonOrange.uasset" 190
"../../../../../../Users/Brandon/Documents/Unreal Projects/TechChallenge/Content/SuperGrid/StarterPack/Materials/Palette/Advanced/M_SuperGrid_HexagonOrangeC.uasset" 191
"../../../../../../Users/Brandon/Documents/Unreal Projects/TechChallenge/Content/SuperGrid/StarterPack/Materials/Palette/Advanced/M_SuperGrid_HexagonRed.uasset" 192
"../../../Engine/Content/Functions/Engine_MaterialFunctions02/Utility/BreakOutFloat2Components.uasset" 193
"../../../../../../Users/Brandon/Documents/Unreal Projects/TechChallenge/Content/SuperGrid/StarterPack/Source/Textures/T_CustomMetal_M.uasset" 194
"../../../../../../Users/Brandon/Documents/Unreal Projects/TechChallenge/Content/SuperGrid/StarterPack/Source/Textures/T_CustomMetal_N.uasset" 195
"../../../../../../Users/Brandon/Documents/Unreal Projects/TechChallenge/Content/SuperGrid/StarterPack/Materials/Base/M_SuperGrid_MetalCustom.uasset" 196
"../../../../../../Users/Brandon/Documents/Unreal Projects/TechChallenge/Content/SuperGrid/StarterPack/Materials/Palette/Advanced/M_SuperGrid_MetalBar_Dark.uasset" 197
"../../../../../../Users/Brandon/Documents/Unreal Projects/TechChallenge/Content/SuperGrid/StarterPack/Materials/Palette/Advanced/M_SuperGrid_MetalBar_White.uasset" 198
"../../../../../../Users/Brandon/Documents/Unreal Projects/TechChallenge/Content/SuperGrid/StarterPack/Source/Textures/T_ModernGrid_M.uasset" 199
"../../../../../../Users/Brandon/Documents/Unreal Projects/TechChallenge/Content/SuperGrid/StarterPack/Source/Textures/T_ModernGrid_N.uasset" 200
"../../../../../../Users/Brandon/Documents/Unreal Projects/TechChallenge/Content/SuperGrid/StarterPack/Materials/Base/M_SuperGrid_Modern.uasset" 201
"../../../../../../Users/Brandon/Documents/Unreal Projects/TechChallenge/Content/SuperGrid/StarterPack/Materials/Palette/Advanced/M_SuperGrid_ModernDark.uasset" 202
"../../../../../../Users/Brandon/Documents/Unreal Projects/TechChallenge/Content/SuperGrid/StarterPack/Materials/Palette/Advanced/M_SuperGrid_ModernLight.uasset" 203
"../../../../../../Users/Brandon/Documents/Unreal Projects/TechChallenge/Content/SuperGrid/StarterPack/Materials/Palette/Advanced/M_SuperGrid_ModernNeutral.uasset" 204
"../../../../../../Users/Brandon/Documents/Unreal Projects/TechChallenge/Content/SuperGrid/StarterPack/Source/Textures/T_Panels_M.uasset" 205
"../../../../../../Users/Brandon/Documents/Unreal Projects/TechChallenge/Content/SuperGrid/StarterPack/Source/Textures/T_Panels_N.uasset" 206
"../../../../../../Users/Brandon/Documents/Unreal Projects/TechChallenge/Content/SuperGrid/StarterPack/Materials/Base/M_SuperGrid_PanelCustom.uasset" 207
"../../../../../../Users/Brandon/Documents/Unreal Projects/TechChallenge/Content/SuperGrid/StarterPack/Materials/Palette/Advanced/M_SuperGrid_PanelDark.uasset" 208
"../../../../../../Users/Brandon/Documents/Unreal Projects/TechChallenge/Content/SuperGrid/StarterPack/Materials/Palette/Advanced/M_SuperGrid_PanelRed.uasset" 209
"../../../../../../Users/Brandon/Documents/Unreal Projects/TechChallenge/Content/SuperGrid/StarterPack/Materials/Palette/Advanced/M_SuperGrid_PanelWhite.uasset" 210
"../../../Engine/Content/Functions/Engine_MaterialFunctions02/Utility/LinearSine.uasset" 211
"../../../../../../Users/Brandon/Documents/Unreal Projects/TechChallenge/Content/SuperGrid/StarterPack/Source/Textures/T_DotGrid_M.uasset" 212
"../../../../../../Users/Brandon/Documents/Unreal Projects/TechChallenge/Content/SuperGrid/StarterPack/Source/Textures/T_DotGrid_N.uasset" 213
"../../../../../../Users/Brandon/Documents/Unreal Projects/TechChallenge/Content/SuperGrid/StarterPack/Materials/Base/M_SuperGrid_Glowing_MultiColor.uasset" 214
"../../../../../../Users/Brandon/Documents/Unreal Projects/TechChallenge/Content/SuperGrid/StarterPack/Source/Textures/T_StoneGrid_M.uasset" 215
"../../../../../../Users/Brandon/Documents/Unreal Projects/TechChallenge/Content/SuperGrid/StarterPack/Source/Textures/T_StoneGrid_N.uasset" 216
"../../../../../../Users/Brandon/Documents/Unreal Projects/TechChallenge/Content/SuperGrid/StarterPack/Materials/Palette/Basic/M_SuperGrid_GlowingLava.uasset" 217
"../../../../../../Users/Brandon/Documents/Unreal Projects/TechChallenge/Content/SuperGrid/StarterPack/Materials/Palette/Basic/M_SuperGrid_MetalDark.uasset" 218
"../../../../../../Users/Brandon/Documents/Unreal Projects/TechChallenge/Content/SuperGrid/StarterPack/Materials/Palette/Basic/M_SuperGrid_MetalDark3.uasset" 219
"../../../../../../Users/Brandon/Documents/Unreal Projects/TechChallenge/Content/SuperGrid/StarterPack/Materials/Palette/Basic/M_SuperGrid_MetalGlow.uasset" 220
"../../../../../../Users/Brandon/Documents/Unreal Projects/TechChallenge/Content/SuperGrid/StarterPack/Materials/Palette/Basic/M_SuperGrid_MetalLight.uasset" 221
"../../../../../../Users/Brandon/Documents/Unreal Projects/TechChallenge/Content/SuperGrid/StarterPack/Materials/Palette/Basic/M_SuperGrid_Soil.uasset" 222
"../../../../../../Users/Brandon/Documents/Unreal Projects/TechChallenge/Content/SuperGrid/StarterPack/Materials/Palette/Basic/M_SuperGrid_Stone.uasset" 223
"../../../../../../Users/Brandon/Documents/Unreal Projects/TechChallenge/Content/SuperGrid/StarterPack/Materials/Palette/Grids/M_SuperGrid_BlackSheet.uasset" 224
"../../../../../../Users/Brandon/Documents/Unreal Projects/TechChallenge/Content/SuperGrid/StarterPack/Materials/Palette/Grids/M_SuperGrid_Chess.uasset" 225
"../../../../../../Users/Brandon/Documents/Unreal Projects/TechChallenge/Content/SuperGrid/StarterPack/Materials/Base/M_SuperGrid_MultiColor.uasset" 226
"../../../../../../Users/Brandon/Documents/Unreal Projects/TechChallenge/Content/SuperGrid/StarterPack/Materials/Palette/Grids/M_SuperGrid_DangerZone.uasset" 227
"../../../../../../Users/Brandon/Documents/Unreal Projects/TechChallenge/Content/SuperGrid/StarterPack/Materials/Palette/Grids/M_SuperGrid_DoubleColor.uasset" 228
"../../../../../../Users/Brandon/Documents/Unreal Projects/TechChallenge/Content/SuperGrid/StarterPack/Materials/Palette/Grids/M_SuperGrid_White.uasset" 229
"../../../Engine/Content/Functions/Engine_MaterialFunctions02/Utility/Sine_Remapped.uasset" 230
"../../../../../../Users/Brandon/Documents/Unreal Projects/TechChallenge/Content/SuperGrid/StarterPack/Materials/Functions/UV/UV_CustomPanner.uasset" 231
"../../../../../../Users/Brandon/Documents/Unreal Projects/TechChallenge/Content/SuperGrid/StarterPack/Source/Textures/T_Distortion_N.uasset" 232
"../../../../../../Users/Brandon/Documents/Unreal Projects/TechChallenge/Content/SuperGrid/StarterPack/Materials/Base/M_SuperGrid_HoloRefract.uasset" 233
"../../../../../../Users/Brandon/Documents/Unreal Projects/TechChallenge/Content/SuperGrid/StarterPack/Materials/Palette/Holographic/M_SuperGrid_HoloRefract_Cyan.uasset" 234
"../../../../../../Users/Brandon/Documents/Unreal Projects/TechChallenge/Content/SuperGrid/StarterPack/Materials/Base/M_SuperGrid_Holographic.uasset" 235
"../../../../../../Users/Brandon/Documents/Unreal Projects/TechChallenge/Content/SuperGrid/StarterPack/Materials/Palette/Holographic/M_SuperGrid_Holo_Mono.uasset" 236
"../../../../../../Users/Brandon/Documents/Unreal Projects/TechChallenge/Content/SuperGrid/StarterPack/Source/Textures/Templates/T_TemplateGrid.uasset" 237
"../../../../../../Users/Brandon/Documents/Unreal Projects/TechChallenge/Content/SuperGrid/StarterPack/Source/Textures/Templates/T_TemplateHuman.uasset" 238
"../../../../../../Users/Brandon/Documents/Unreal Projects/TechChallenge/Content/SuperGrid/StarterPack/Materials/Base/M_SuperGrid_Template.uasset" 239
"../../../../../../Users/Brandon/Documents/Unreal Projects/TechChallenge/Content/SuperGrid/StarterPack/Source/Textures/Templates/T_TemplateBarrel.uasset" 240
"../../../../../../Users/Brandon/Documents/Unreal Projects/TechChallenge/Content/SuperGrid/StarterPack/Materials/Palette/Templates/M_SuperGrid_Barrel.uasset" 241
"../../../../../../Users/Brandon/Documents/Unreal Projects/TechChallenge/Content/SuperGrid/StarterPack/Source/Textures/Templates/T_TemplateLlama.uasset" 242
"../../../../../../Users/Brandon/Documents/Unreal Projects/TechChallenge/Content/SuperGrid/StarterPack/Materials/Palette/Templates/M_SuperGrid_Llama.uasset" 243
"../../../../../../Users/Brandon/Documents/Unreal Projects/TechChallenge/Content/SuperGrid/StarterPack/Materials/Palette/Templates/M_SuperGrid_Te_Human.uasset" 244
"../../../../../../Users/Brandon/Documents/Unreal Projects/TechChallenge/Content/SuperGrid/StarterPack/Source/Meshes/SuperGrid_Arch1.uasset" 245
"../../../../../../Users/Brandon/Documents/Unreal Projects/TechChallenge/Content/SuperGrid/StarterPack/Source/Meshes/SuperGrid_Arch2.uasset" 246
"../../../../../../Users/Brandon/Documents/Unreal Projects/TechChallenge/Content/SuperGrid/StarterPack/Source/Meshes/SuperGrid_BoxHighRes.uasset" 247
"../../../../../../Users/Brandon/Documents/Unreal Projects/TechChallenge/Content/SuperGrid/StarterPack/Source/Meshes/SuperGrid_Cone.uasset" 248
"../../../../../../Users/Brandon/Documents/Unreal Projects/TechChallenge/Content/SuperGrid/StarterPack/Source/Meshes/SuperGrid_CornerInner.uasset" 249
"../../../../../../Users/Brandon/Documents/Unreal Projects/TechChallenge/Content/SuperGrid/StarterPack/Source/Meshes/SuperGrid_CornerOuter.uasset" 250
"../../../../../../Users/Brandon/Documents/Unreal Projects/TechChallenge/Content/SuperGrid/StarterPack/Source/Meshes/SuperGrid_CylinderHalf.uasset" 251
"../../../../../../Users/Brandon/Documents/Unreal Projects/TechChallenge/Content/SuperGrid/StarterPack/Source/Meshes/SuperGrid_Plane.uasset" 252
"../../../../../../Users/Brandon/Documents/Unreal Projects/TechChallenge/Content/SuperGrid/StarterPack/Source/Meshes/SuperGrid_Pyramide.uasset" 253
"../../../../../../Users/Brandon/Documents/Unreal Projects/TechChallenge/Content/SuperGrid/StarterPack/Source/Textures/T_BasicGridW_M.uasset" 254
"../../../../../../Users/Brandon/Documents/Unreal Projects/TechChallenge/Content/SuperGrid/StarterPack/Materials/Palette/Grids/M_SuperGrid_Walkable.uasset" 255
"../../../../../../Users/Brandon/Documents/Unreal Projects/TechChallenge/Content/SuperGrid/StarterPack/Source/Meshes/SuperGrid_Ramp.uasset" 256
"../../../../../../Users/Brandon/Documents/Unreal Projects/TechChallenge/Content/SuperGrid/StarterPack/Source/Meshes/SuperGrid_RingPiece.uasset" 257
"../../../../../../Users/Brandon/Documents/Unreal Projects/TechChallenge/Content/SuperGrid/StarterPack/Source/Meshes/SuperGrid_RingQuarter.uasset" 258
"../../../../../../Users/Brandon/Documents/Unreal Projects/TechChallenge/Content/SuperGrid/StarterPack/Source/Meshes/SuperGrid_Slope.uasset" 259
"../../../../../../Users/Brandon/Documents/Unreal Projects/TechChallenge/Content/SuperGrid/StarterPack/Source/Meshes/SuperGrid_Stairs.uasset" 260
"../../../../../../Users/Brandon/Documents/Unreal Projects/TechChallenge/Content/SuperGrid/StarterPack/Source/Textures/T_Hexagon_M.uasset" 261
"../../../../../../Users/Brandon/Documents/Unreal Projects/TechChallenge/Content/SuperGrid/StarterPack/Source/Textures/T_Plate_M.uasset" 262
"../../../../../../Users/Brandon/Documents/Unreal Projects/TechChallenge/Content/SuperGrid/StarterPack/Source/Textures/T_Plate_N.uasset" 263
"../../../../../../Users/Brandon/Documents/Unreal Projects/TechChallenge/Content/SuperGrid/TutorialLevel/SoundEffects/distant-explosion-a.uasset" 264
"../../../../../../Users/Brandon/Documents/Unreal Projects/TechChallenge/Content/SuperGrid/TutorialLevel/SoundEffects/distant-explosion-b.uasset" 265
"../../../../../../Users/Brandon/Documents/Unreal Projects/TechChallenge/Content/SuperGrid/TutorialLevel/SoundEffects/Footstep_Concrete_0.uasset" 266
"../../../../../../Users/Brandon/Documents/Unreal Projects/TechChallenge/Content/SuperGrid/TutorialLevel/SoundEffects/Footstep_Stone1_0.uasset" 267
"../../../../../../Users/Brandon/Documents/Unreal Projects/TechChallenge/Content/SuperGrid/TutorialLevel/SoundEffects/Footstep_Stone2_0.uasset" 268
"../../../../../../Users/Brandon/Documents/Unreal Projects/TechChallenge/Content/SuperGrid/TutorialLevel/SoundEffects/MechClamp.uasset" 269
"../../../../../../Users/Brandon/Documents/Unreal Projects/TechChallenge/Content/SuperGrid/TutorialLevel/SoundEffects/MetalStepA.uasset" 270
"../../../../../../Users/Brandon/Documents/Unreal Projects/TechChallenge/Content/SuperGrid/TutorialLevel/SoundEffects/ShortPing.uasset" 271
"../../../../../../Users/Brandon/Documents/Unreal Projects/TechChallenge/Content/SuperGrid/TutorialLevel/SoundEffects/SimpleChop_B.uasset" 272
"../../../../../../Users/Brandon/Documents/Unreal Projects/TechChallenge/Content/SuperGrid/TutorialLevel/SoundEffects/SubOceano_A.uasset" 273
"../../../../../../Users/Brandon/Documents/Unreal Projects/TechChallenge/Content/SuperGrid/TutorialLevel/SoundEffects/SubOceano_B.uasset" 274
"../../../../../../Users/Brandon/Documents/Unreal Projects/TechChallenge/Content/ThirdPerson/Meshes/RampMaterial.uasset" 275
"../../../../../../Users/Brandon/Documents/Unreal Projects/TechChallenge/Content/ThirdPerson/Meshes/Bump_StaticMesh.uasset" 276
"../../../../../../Users/Brandon/Documents/Unreal Projects/TechChallenge/Content/ThirdPerson/Meshes/LeftArm_StaticMesh.uasset" 277
"../../../../../../Users/Brandon/Documents/Unreal Projects/TechChallenge/Content/ThirdPerson/Meshes/Linear_Stair_StaticMesh.uasset" 278
"../../../../../../Users/Brandon/Documents/Unreal Projects/TechChallenge/Content/ThirdPerson/Meshes/Ramp_StaticMesh.uasset" 279
"../../../../../../Users/Brandon/Documents/Unreal Projects/TechChallenge/Content/ThirdPerson/Meshes/RightArm_StaticMesh.uasset" 280
"../../../../../../Users/Brandon/Documents/Unreal Projects/TechChallenge/Content/ThirdPersonBP/ThirdPersonOverview.uasset" 281
"../../../Engine/Content/Animation/DefaultAnimBoneCompressionSettings.uasset" 282
"../../../Engine/Content/Animation/DefaultAnimCurveCompressionSettings.uasset" 283
"../../../Engine/Content/ArtTools/RenderToTexture/Meshes/S_1_Unit_Plane.uasset" 284
"../../../Engine/Content/EngineMaterials/DefaultMaterial.uasset" 285
"../../../Engine/Content/BasicShapes/Cone.uasset" 286
"../../../Engine/Content/BasicShapes/Plane.uasset" 287
"../../../Engine/Content/BasicShapes/Sphere.uasset" 288
"../../../Engine/Content/EditorLandscapeResources/DataLayer.uasset" 289
"../../../Engine/Content/EditorMaterials/MAT_Groups_Toggle.uasset" 290
"../../../Engine/Content/EditorMaterials/MAT_Groups_Visibility.uasset" 291
"../../../Engine/Content/EditorMaterials/PreviewShadowIndicator.uasset" 292
"../../../Engine/Content/EditorMaterials/PreviewShadowIndicatorMaterial.uasset" 293
"../../../Engine/Content/EditorMaterials/MatineeGroups/MAT_ColorTrack.uasset" 294
"../../../Engine/Content/EditorMaterials/MatineeGroups/MAT_Groups_Anim.uasset" 295
"../../../Engine/Content/EditorMaterials/MatineeGroups/MAT_Groups_AudioMaster.uasset" 296
"../../../Engine/Content/EditorMaterials/MatineeGroups/MAT_Groups_Director.uasset" 297
"../../../Engine/Content/EditorMaterials/MatineeGroups/MAT_Groups_Event.uasset" 298
"../../../Engine/Content/EditorMaterials/MatineeGroups/MAT_Groups_Fade.uasset" 299
"../../../Engine/Content/EditorMaterials/MatineeGroups/MAT_Groups_Float.uasset" 300
"../../../Engine/Content/EditorMaterials/MatineeGroups/MAT_Groups_Move.uasset" 301
"../../../Engine/Content/EditorMaterials/MatineeGroups/MAT_Groups_Slomo.uasset" 302
"../../../Engine/Content/EditorMaterials/MatineeGroups/MAT_Groups_Sound.uasset" 303
"../../../Engine/Content/EditorMaterials/MatineeGroups/MAT_Groups_Vector.uasset" 304
"../../../Engine/Content/EditorMaterials/ParticleSystems/PSysThumbnail_NoImage.uasset" 305
"../../../Engine/Content/EditorMaterials/ParticleSystems/PSysThumbnail_OOD.uasset" 306
"../../../Engine/Content/EditorMaterials/Camera/CineMat.uasset" 307
"../../../Engine/Content/EditorMaterials/Camera/MI_CineMat_Rig.uasset" 308
"../../../Engine/Content/EditorMeshes/Camera/SM_CraneRig_Arm.uasset" 309
"../../../Engine/Content/EditorMeshes/Camera/SM_CraneRig_Base.uasset" 310
"../../../Engine/Content/EditorMeshes/Camera/SM_CraneRig_Body.uasset" 311
"../../../Engine/Content/EditorMeshes/Camera/SM_CraneRig_Mount.uasset" 312
"../../../Engine/Content/EditorMeshes/Camera/SM_RailRig_Mount.uasset" 313
"../../../Engine/Content/EditorMeshes/Camera/SM_RailRig_Track.uasset" 314
"../../../Engine/Content/EditorResources/BSPVertex.uasset" 315
"../../../Engine/Content/EditorResources/EmptyActor.uasset" 316
"../../../Engine/Content/EditorResources/S_Actor.uasset" 317
"../../../Engine/Content/EditorResources/S_Note.uasset" 318
"../../../Engine/Content/EditorResources/S_Solver.uasset" 319
"../../../Engine/Content/EditorResources/S_Trigger.uasset" 320
"../../../Engine/Content/EditorResources/AudioIcons/S_AudioComponent.uasset" 321
"../../../Engine/Content/EditorResources/AudioIcons/S_AudioComponent_AutoActivate.uasset" 322
"../../../Engine/Content/EditorResources/LightIcons/S_LightError.uasset" 323
"../../../Engine/Content/EditorResources/SequenceRecorder/Countdown.uasset" 324
"../../../Engine/Content/EditorResources/SequenceRecorder/RecordingIndicator.uasset" 325
"../../../Engine/Content/EditorSounds/Notifications/CompileFailed.uasset" 326
"../../../Engine/Content/EditorSounds/Notifications/CompileFailed_Cue.uasset" 327
"../../../Engine/Content/EditorSounds/Notifications/CompileSuccess.uasset" 328
"../../../Engine/Content/EditorSounds/Notifications/CompileStart_Cue.uasset" 329
"../../../Engine/Content/EditorSounds/Notifications/CompileSuccess_Cue.uasset" 330
"../../../Engine/Content/EngineDamageTypes/DmgTypeBP_Environmental.uasset" 331
"../../../Engine/Content/EngineDebugMaterials/DebugEditorMaterial.uasset" 332
"../../../Engine/Content/EngineDebugMaterials/DebugMeshMaterial.uasset" 333
"../../../Engine/Content/EngineDebugMaterials/M_SimpleUnlitTranslucent.uasset" 334
"../../../Engine/Content/Functions/Engine_MaterialFunctions02/Utility/CameraDirectionVector.uasset" 335
"../../../Engine/Content/EngineDebugMaterials/VolumeToRender.uasset" 336
"../../../Engine/Content/EngineDebugMaterials/M_VolumeRenderSphereTracePP.uasset" 337
"../../../Engine/Content/EngineDebugMaterials/WireframeMaterial.uasset" 338
"../../../Engine/Content/EngineFonts/Faces/DroidSansFallback.uasset" 339
"../../../Engine/Content/EngineFonts/Faces/RobotoBold.uasset" 340
"../../../Engine/Content/EngineFonts/Faces/RobotoBoldItalic.uasset" 341
"../../../Engine/Content/EngineFonts/Faces/RobotoItalic.uasset" 342
"../../../Engine/Content/EngineFonts/Faces/RobotoLight.uasset" 343
"../../../Engine/Content/EngineFonts/Faces/RobotoRegular.uasset" 344
"../../../Engine/Content/EngineFonts/Roboto.uasset" 345
"../../../Engine/Content/EngineMaterials/BaseFlattenDiffuseMap.uasset" 346
"../../../Engine/Content/EngineMaterials/BaseFlattenEmissiveMap.uasset" 347
"../../../Engine/Content/EngineMaterials/BaseFlattenGrayscaleMap.uasset" 348
"../../../Engine/Content/EngineMaterials/BaseFlattenNormalMap.uasset" 349
"../../../Engine/Content/EngineMaterials/BaseFlattenMaterial.uasset" 350
"../../../Engine/Content/EngineMaterials/BlueNoise.uasset" 351
"../../../Engine/Content/EngineMaterials/DefaultBloomKernel.uasset" 352
"../../../Engine/Content/EngineMaterials/DefaultBokeh.uasset" 353
"../../../Engine/Content/EngineMaterials/DefaultDiffuse.uasset" 354
"../../../Engine/Content/EngineMaterials/DefaultDeferredDecalMaterial.uasset" 355
"../../../Engine/Content/EngineMaterials/DefaultLightFunctionMaterial.uasset" 356
"../../../Engine/Content/EngineMaterials/DefaultPhysicalMaterial.uasset" 357
"../../../Engine/Content/EngineMaterials/DefaultPostProcessMaterial.uasset" 358
"../../../Engine/Content/EngineFonts/RobotoDistanceField.uasset" 359
"../../../Engine/Content/EngineMaterials/DefaultTextMaterialOpaque.uasset" 360
"../../../Engine/Content/EngineMaterials/DefaultWhiteGrid.uasset" 361
"../../../Engine/Content/EngineMaterials/DefaultWhiteGrid_Low.uasset" 362
"../../../Engine/Content/EngineMaterials/EmissiveMeshMaterial.uasset" 363
"../../../Engine/Content/EngineMaterials/GizmoMaterial.uasset" 364
"../../../Engine/Content/EngineMaterials/Good64x64TilingNoiseHighFreq.uasset" 365
"../../../Engine/Content/EngineMaterials/MiniFont.uasset" 366
"../../../Engine/Content/EngineMaterials/InvalidLightmapSettings.uasset" 367
"../../../Engine/Content/EngineMaterials/M_InvalidLightmapSettings.uasset" 368
"../../../Engine/Content/Functions/Engine_MaterialFunctions02/WorldPositionOffset/CameraOffset.uasset" 369
"../../../Engine/Content/EngineMaterials/PhAT_JointLimitMaterial.uasset" 370
"../../../Engine/Content/EngineMaterials/PreintegratedSkinBRDF.uasset" 371
"../../../Engine/Content/EngineMaterials/RemoveSurfaceMaterial.uasset" 372
"../../../Engine/Content/EngineMaterials/WeightMapPlaceholderTexture.uasset" 373
"../../../Engine/Content/EngineResources/WhiteSquareTexture.uasset" 374
"../../../Engine/Content/EngineMaterials/Widget3DPassThrough.uasset" 375
"../../../Engine/Content/EngineMaterials/Widget3DPassThrough_Masked.uasset" 376
"../../../Engine/Content/EngineMaterials/Widget3DPassThrough_Opaque.uasset" 377
"../../../Engine/Content/EngineMaterials/Widget3DPassThrough_Masked_OneSided.uasset" 378
"../../../Engine/Content/EngineMaterials/Widget3DPassThrough_Opaque_OneSided.uasset" 379
"../../../Engine/Content/EngineMaterials/Widget3DPassThrough_Translucent.uasset" 380
"../../../Engine/Content/EngineMaterials/Widget3DPassThrough_Translucent_OneSided.uasset" 381
"../../../Engine/Content/EngineMeshes/Cylinder.uasset" 382
"../../../Engine/Content/EngineMeshes/Sphere.uasset" 383
"../../../Engine/Content/EngineResources/Black.uasset" 384
"../../../Engine/Content/EngineResources/DefaultTexture.uasset" 385
"../../../Engine/Content/EngineResources/DefaultTextureCube.uasset" 386
"../../../Engine/Content/EngineResources/DefaultVolumeTexture2D.uasset" 387
"../../../Engine/Content/EngineResources/DefaultVolumeTexture.uasset" 388
"../../../Engine/Content/EngineResources/GradientTexture0.uasset" 389
"../../../Engine/Content/EngineSounds/Master.uasset" 390
"../../../Engine/Content/Functions/Engine_MaterialFunctions01/Shading/ConvertFromDiffSpec.uasset" 391
"../../../Engine/Content/Functions/Engine_MaterialFunctions01/Shading/PowerToRoughness.uasset" 392
"../../../Engine/Content/Maps/Templates/Thumbnails/Default.uasset" 393
"../../../Engine/Content/Maps/Templates/Thumbnails/TimeOfDay.uasset" 394
"../../../Engine/Content/Maps/Templates/Thumbnails/VR-Basic.uasset" 395
"../../../Engine/Content/MobileResources/T_MobileControls_texture.uasset" 396
"../../../Engine/Content/MobileResources/T_MobileMenu2.uasset" 397
"../../../Engine/Content/MobileResources/HUD/AnalogHat.uasset" 398
"../../../Engine/Content/MobileResources/HUD/VirtualJoystick_Background.uasset" 399
"../../../Engine/Content/MobileResources/HUD/VirtualJoystick_Thumb.uasset" 400
"../../../Engine/Content/MobileResources/HUD/DefaultVirtualJoysticks.uasset" 401
"../../../Engine/Content/MobileResources/HUD/LeftVirtualJoystickOnly.uasset" 402
"../../../Engine/Content/MobileResources/HUD/MobileHUDButton1_off.uasset" 403
"../../../Engine/Content/MobileResources/HUD/MobileHUDButton1_on.uasset" 404
"../../../Engine/Content/MobileResources/HUD/MobileHUDButton2_off.uasset" 405
"../../../Engine/Content/MobileResources/HUD/MobileHUDButton2_on.uasset" 406
"../../../Engine/Content/MobileResources/HUD/MobileHUDButton3.uasset" 407
"../../../Engine/Content/MobileResources/HUD/MobileHUDButtonFire.uasset" 408
"../../../Engine/Content/MobileResources/HUD/MobileHUDDirectionPad.uasset" 409
"../../../Engine/Content/MobileResources/HUD/MobileHUDDirectionPad2.uasset" 410
"../../../Engine/Content/MobileResources/HUD/MobileHUDDirectionPad3.uasset" 411
"../../../Engine/Content/MobileResources/HUD/MobileHUDDirectionStick.uasset" 412
"../../../Engine/Content/MobileResources/HUD/T_Castle_ThumbstickInner.uasset" 413
"../../../Engine/Content/MobileResources/HUD/T_Castle_ThumbstickOutter.uasset" 414
"../../../Engine/Content/Tutorial/ContentIntroCurve.uasset" 415
"../../../Engine/Content/Tutorial/Basics/LevelEditorAttract.uasset" 416
"../../../Engine/Content/Tutorial/Installation/InstallingVisualStudioTutorial.uasset" 417
"../../../Engine/Content/VREditor/LaserPointer/VR_LaserPower_01.uasset" 418
"../../../Engine/Content/VREditor/TransformGizmo/TransformGizmoMaterial.uasset" 419
"../../../Engine/Content/VREditor/TransformGizmo/TranslucentTransformGizmoMaterial.uasset" 420
"../../../Engine/Content/VREditor/TransformGizmo/BoundingBoxCorner.uasset" 421
"../../../Engine/Content/VREditor/TransformGizmo/BoundingBoxEdge.uasset" 422
"../../../Engine/Content/VREditor/TransformGizmo/PlaneTranslationHandle.uasset" 423
"../../../Engine/Content/VREditor/TransformGizmo/Main.uasset" 424
"../../../Engine/Content/VREditor/TransformGizmo/Xray.uasset" 425
"../../../Engine/Content/VREditor/TransformGizmo/SM_Sequencer_Key.uasset" 426
"../../../Engine/Content/VREditor/TransformGizmo/SM_Sequencer_Node.uasset" 427
"../../Plugins/2D/Paper2D/Content/PlaceholderTextures/DummySpriteTexture.uasset" 428
"../../Plugins/2D/Paper2D/Content/DummySprite.uasset" 429
"../../Plugins/2D/Paper2D/Content/DefaultPaperTerrainMaterial.uasset" 430
"../../Plugins/2D/Paper2D/Content/DefaultSpriteMaterial.uasset" 431
"../../Plugins/2D/Paper2D/Content/MaskedUnlitSpriteMaterial.uasset" 432
"../../Plugins/2D/Paper2D/Content/OpaqueUnlitSpriteMaterial.uasset" 433
"../../Plugins/FX/Niagara/Content/Enums/ENiagaraBooleanLogicOps.uasset" 434
"../../Plugins/FX/Niagara/Content/Enums/ENiagaraCoordinateSpace.uasset" 435
"../../Plugins/FX/Niagara/Content/Enums/ENiagaraExpansionMode.uasset" 436
"../../Plugins/FX/Niagara/Content/Enums/ENiagaraOrientationAxis.uasset" 437
"../../Plugins/FX/Niagara/Content/Enums/ENiagaraRandomnessMode.uasset" 438
"../../../Engine/Content/Functions/Engine_MaterialFunctions02/WorldPositionOffset/ObjectPivotPoint.uasset" 439
"../../Plugins/Runtime/HDRIBackdrop/Content/Materials/HDRI_Attributes.uasset" 440
"../../Plugins/Runtime/HDRIBackdrop/Content/Materials/HDRI_Projection.uasset" 441
"../../Plugins/Runtime/HDRIBackdrop/Content/Materials/MI_HDRI_CameraProjection.uasset" 442
"../../Plugins/Runtime/HDRIBackdrop/Content/Materials/MI_HDRI_CenterProjection.uasset" 443
"../../Plugins/Runtime/HDRIBackdrop/Content/Meshes/EnviroDome.uasset" 444
"../../Plugins/Runtime/HDRIBackdrop/Content/Textures/approaching_storm_4k.uasset" 445
"../../Plugins/Runtime/HDRIBackdrop/Content/Blueprints/HDRIBackdrop.uasset" 446
"../../../Engine/Content/Functions/Engine_MaterialFunctions02/Utility/BreakOutFloat4Components.uasset" 447
"../../../Engine/Content/Functions/Engine_MaterialFunctions02/Utility/MakeFloat2.uasset" 448
"../../Plugins/Runtime/Oculus/OculusVR/Content/Materials/OculusMR_ChromaKey.uasset" 449
"../../Plugins/Runtime/Oculus/OculusVR/Content/Materials/OculusMR_ChromaKey_Lit.uasset" 450
"../../Plugins/Runtime/Oculus/OculusVR/Content/Materials/OculusMR_OpaqueColoredMaterial.uasset" 451
"../../Plugins/Runtime/Oculus/OculusVR/Content/Materials/OculusMR_WhiteMaterial.uasset" 452
"../../../../../../Users/Brandon/Documents/Unreal Projects/TechChallenge/Content/StarterContent/Blueprints/Assets/FogBrightnessLUT.uasset" 453
"../../../../../../Users/Brandon/Documents/Unreal Projects/TechChallenge/Content/StarterContent/Blueprints/Assets/SunlightColorLUT.uasset" 454
"../../../../../../Users/Brandon/Documents/Unreal Projects/TechChallenge/Content/StarterContent/Blueprints/Assets/M_LightStage_Arrows.uasset" 455
"../../../Engine/Content/MapTemplates/Sky/DaylightAmbientCubemap.uasset" 456
"../../../../../../Users/Brandon/Documents/Unreal Projects/TechChallenge/Content/StarterContent/Blueprints/Assets/M_LightStage_Skybox_Master.uasset" 457
"../../../../../../Users/Brandon/Documents/Unreal Projects/TechChallenge/Content/StarterContent/Blueprints/Assets/M_LightStage_Skybox_Black.uasset" 458
"../../../../../../Users/Brandon/Documents/Unreal Projects/TechChallenge/Content/StarterContent/Blueprints/Assets/M_LightStage_Skybox_HDRI.uasset" 459
"../../../Engine/Content/EditorMaterials/Thumbnails/SkySphereMaterial.uasset" 460
"../../../../../../Users/Brandon/Documents/Unreal Projects/TechChallenge/Content/StarterContent/Blueprints/Assets/Skybox.uasset" 461
"../../../../../../Users/Brandon/Documents/Unreal Projects/TechChallenge/Content/StarterContent/Blueprints/Assets/SM_Arrows.uasset" 462
"../../../../../../Users/Brandon/Documents/Unreal Projects/TechChallenge/Content/StarterContent/HDRI/HDRI_Epic_Courtyard_Daylight.uasset" 463
"../../../../../../Users/Brandon/Documents/Unreal Projects/TechChallenge/Content/StarterContent/Blueprints/BP_LightStudio.uasset" 464
"../../../../../../Users/Brandon/Documents/Unreal Projects/TechChallenge/Content/StarterContent/Maps/Advanced_Lighting_BuiltData.uasset" 465
"../../../../../../Users/Brandon/Documents/Unreal Projects/TechChallenge/Content/StarterContent/Materials/M_AssetPlatform.uasset" 466
"../../../Engine/Content/EditorMeshes/ColorCalibrator/M_ChromeBall.uasset" 467
"../../../Engine/Content/EditorMeshes/ColorCalibrator/M_ClearCoat.uasset" 468
"../../../Engine/Content/EditorMeshes/ColorCalibrator/M_ClearCoatBlack.uasset" 469
"../../../Engine/Content/EditorMeshes/ColorCalibrator/Color_checker.uasset" 470
"../../../Engine/Content/EditorMeshes/ColorCalibrator/M_ColorGrid.uasset" 471
"../../../Engine/Content/EditorMeshes/ColorCalibrator/M_GreyBall.uasset" 472
"../../../Engine/Content/EditorMeshes/ColorCalibrator/SM_ColorCalibrator.uasset" 473
"../../../../../../Users/Brandon/Documents/Unreal Projects/TechChallenge/Content/StarterContent/Architecture/SM_AssetPlatform.uasset" 474
"../../../../../../Users/Brandon/Documents/Unreal Projects/TechChallenge/Content/StarterContent/Maps/Advanced_Lighting.umap" 475
"../../../Engine/Content/EngineSky/C_Sky_Cloud_Color.uasset" 476
"../../../Engine/Content/EngineSky/C_Sky_Horizon_Color.uasset" 477
"../../../Engine/Content/EngineSky/C_Sky_Zenith_Color.uasset" 478
"../../../Engine/Content/EngineSky/T_Sky_Blue.uasset" 479
"../../../Engine/Content/EngineSky/T_Sky_Clouds_M.uasset" 480
"../../../Engine/Content/EngineSky/T_Sky_Stars.uasset" 481
"../../../Engine/Content/EngineSky/M_Sky_Panning_Clouds2.uasset" 482
"../../../Engine/Content/EngineSky/SM_SkySphere.uasset" 483
"../../../Engine/Content/EngineSky/BP_Sky_Sphere.uasset" 484
"../../../../../../Users/Brandon/Documents/Unreal Projects/TechChallenge/Content/StarterContent/Maps/Minimal_Default_BuiltData.uasset" 485
"../../../../../../Users/Brandon/Documents/Unreal Projects/TechChallenge/Content/StarterContent/Textures/T_MacroVariation.uasset" 486
"../../../../../../Users/Brandon/Documents/Unreal Projects/TechChallenge/Content/StarterContent/Materials/M_Metal_Brushed_Nickel.uasset" 487
"../../../../../../Users/Brandon/Documents/Unreal Projects/TechChallenge/Content/StarterContent/Textures/T_Metal_Aluminum_D.uasset" 488
"../../../../../../Users/Brandon/Documents/Unreal Projects/TechChallenge/Content/StarterContent/Textures/T_Metal_Gold_N.uasset" 489
"../../../../../../Users/Brandon/Documents/Unreal Projects/TechChallenge/Content/StarterContent/Materials/M_Metal_Burnished_Steel.uasset" 490
"../../../../../../Users/Brandon/Documents/Unreal Projects/TechChallenge/Content/StarterContent/Textures/T_Metal_Copper_D.uasset" 491
"../../../../../../Users/Brandon/Documents/Unreal Projects/TechChallenge/Content/StarterContent/Materials/M_Metal_Copper.uasset" 492
"../../../../../../Users/Brandon/Documents/Unreal Projects/TechChallenge/Content/StarterContent/Textures/T_Statue_M.uasset" 493
"../../../../../../Users/Brandon/Documents/Unreal Projects/TechChallenge/Content/StarterContent/Textures/T_Statue_N.uasset" 494
"../../../../../../Users/Brandon/Documents/Unreal Projects/TechChallenge/Content/StarterContent/Props/Materials/M_StatueGlass.uasset" 495
"../../../../../../Users/Brandon/Documents/Unreal Projects/TechChallenge/Content/StarterContent/Architecture/Floor_400x400.uasset" 496
"../../../../../../Users/Brandon/Documents/Unreal Projects/TechChallenge/Content/StarterContent/Audio/Starter_Background_Cue.uasset" 497
"../../../../../../Users/Brandon/Documents/Unreal Projects/TechChallenge/Content/StarterContent/Props/SM_Chair.uasset" 498
"../../../../../../Users/Brandon/Documents/Unreal Projects/TechChallenge/Content/StarterContent/Props/Materials/M_Statue.uasset" 499
"../../../../../../Users/Brandon/Documents/Unreal Projects/TechChallenge/Content/StarterContent/Props/SM_Statue.uasset" 500
"../../../../../../Users/Brandon/Documents/Unreal Projects/TechChallenge/Content/StarterContent/Textures/T_TableRound_M.uasset" 501
"../../../../../../Users/Brandon/Documents/Unreal Projects/TechChallenge/Content/StarterContent/Textures/T_TableRound_N.uasset" 502
"../../../../../../Users/Brandon/Documents/Unreal Projects/TechChallenge/Content/StarterContent/Props/Materials/M_TableRound.uasset" 503
"../../../../../../Users/Brandon/Documents/Unreal Projects/TechChallenge/Content/StarterContent/Props/SM_TableRound.uasset" 504
"../../../../../../Users/Brandon/Documents/Unreal Projects/TechChallenge/Content/StarterContent/Maps/Minimal_Default.umap" 505
"../../../../../../Users/Brandon/Documents/Unreal Projects/TechChallenge/Content/StarterContent/Audio/Fire01_Cue.uasset" 506
"../../../../../../Users/Brandon/Documents/Unreal Projects/TechChallenge/Content/StarterContent/Textures/T_Fire_SubUV.uasset" 507
"../../../../../../Users/Brandon/Documents/Unreal Projects/TechChallenge/Content/StarterContent/Textures/T_Fire_Tiled_D.uasset" 508
"../../../../../../Users/Brandon/Documents/Unreal Projects/TechChallenge/Content/StarterContent/Particles/Materials/M_Fire_SubUV.uasset" 509
"../../../../../../Users/Brandon/Documents/Unreal Projects/TechChallenge/Content/StarterContent/Textures/T_Water_N.uasset" 510
"../../../../../../Users/Brandon/Documents/Unreal Projects/TechChallenge/Content/StarterContent/Particles/Materials/M_Heat_Distortion.uasset" 511
"../../../../../../Users/Brandon/Documents/Unreal Projects/TechChallenge/Content/StarterContent/Particles/Materials/M_Radial_Gradient.uasset" 512
"../../../../../../Users/Brandon/Documents/Unreal Projects/TechChallenge/Content/StarterContent/Particles/P_Fire.uasset" 513
"../../../../../../Users/Brandon/Documents/Unreal Projects/TechChallenge/Content/StarterContent/Blueprints/Blueprint_Effect_Fire.uasset" 514
"../../../../../../Users/Brandon/Documents/Unreal Projects/TechChallenge/Content/StarterContent/Audio/Smoke01_Cue.uasset" 515
"../../../../../../Users/Brandon/Documents/Unreal Projects/TechChallenge/Content/StarterContent/Particles/P_Smoke.uasset" 516
"../../../../../../Users/Brandon/Documents/Unreal Projects/TechChallenge/Content/StarterContent/Blueprints/Blueprint_Effect_Smoke.uasset" 517
"../../../../../../Users/Brandon/Documents/Unreal Projects/TechChallenge/Content/StarterContent/Audio/Fire_Sparks01_Cue.uasset" 518
"../../../../../../Users/Brandon/Documents/Unreal Projects/TechChallenge/Content/StarterContent/Textures/T_Spark_Core.uasset" 519
"../../../../../../Users/Brandon/Documents/Unreal Projects/TechChallenge/Content/StarterContent/Particles/Materials/M_Spark.uasset" 520
"../../../../../../Users/Brandon/Documents/Unreal Projects/TechChallenge/Content/StarterContent/Particles/P_Sparks.uasset" 521
"../../../../../../Users/Brandon/Documents/Unreal Projects/TechChallenge/Content/StarterContent/Blueprints/Blueprint_Effect_Sparks.uasset" 522
"../../../../../../Users/Brandon/Documents/Unreal Projects/TechChallenge/Content/StarterContent/Audio/Steam01_Cue.uasset" 523
"../../../../../../Users/Brandon/Documents/Unreal Projects/TechChallenge/Content/StarterContent/Particles/P_Steam_Lit.uasset" 524
"../../../../../../Users/Brandon/Documents/Unreal Projects/TechChallenge/Content/StarterContent/Blueprints/Blueprint_Effect_Steam.uasset" 525
"../../../../../../Users/Brandon/Documents/Unreal Projects/TechChallenge/Content/StarterContent/Props/SM_Lamp_Ceiling.uasset" 526
"../../../../../../Users/Brandon/Documents/Unreal Projects/TechChallenge/Content/StarterContent/Blueprints/Blueprint_CeilingLight.uasset" 527
"../../../../../../Users/Brandon/Documents/Unreal Projects/TechChallenge/Content/StarterContent/Blueprints/Blueprint_WallSconce.uasset" 528
"../../../../../../Users/Brandon/Documents/Unreal Projects/TechChallenge/Content/StarterContent/Maps/StarterMap_BuiltData.uasset" 529
"../../../Engine/Content/Functions/Engine_MaterialFunctions03/Procedurals/ComputeFilterWidth.uasset" 530
"../../../Engine/Content/EngineMaterials/AntiAliasedTextMaterialTranslucent.uasset" 531
"../../../../../../Users/Brandon/Documents/Unreal Projects/TechChallenge/Content/StarterContent/Textures/T_Brick_Clay_Beveled_D.uasset" 532
"../../../../../../Users/Brandon/Documents/Unreal Projects/TechChallenge/Content/StarterContent/Textures/T_Brick_Clay_Beveled_M.uasset" 533
"../../../../../../Users/Brandon/Documents/Unreal Projects/TechChallenge/Content/StarterContent/Textures/T_Brick_Clay_Beveled_N.uasset" 534
"../../../../../../Users/Brandon/Documents/Unreal Projects/TechChallenge/Content/StarterContent/Materials/M_Brick_Clay_Beveled.uasset" 535
"../../../../../../Users/Brandon/Documents/Unreal Projects/TechChallenge/Content/StarterContent/Textures/T_Brick_Clay_New_D.uasset" 536
"../../../../../../Users/Brandon/Documents/Unreal Projects/TechChallenge/Content/StarterContent/Textures/T_Brick_Clay_New_M.uasset" 537
"../../../../../../Users/Brandon/Documents/Unreal Projects/TechChallenge/Content/StarterContent/Textures/T_Brick_Clay_New_N.uasset" 538
"../../../../../../Users/Brandon/Documents/Unreal Projects/TechChallenge/Content/StarterContent/Materials/M_Brick_Clay_New.uasset" 539
"../../../../../../Users/Brandon/Documents/Unreal Projects/TechChallenge/Content/StarterContent/Textures/T_Brick_Clay_Old_D.uasset" 540
"../../../../../../Users/Brandon/Documents/Unreal Projects/TechChallenge/Content/StarterContent/Textures/T_Brick_Clay_Old_N.uasset" 541
"../../../../../../Users/Brandon/Documents/Unreal Projects/TechChallenge/Content/StarterContent/Textures/T_Perlin_Noise_M.uasset" 542
"../../../../../../Users/Brandon/Documents/Unreal Projects/TechChallenge/Content/StarterContent/Materials/M_Brick_Clay_Old.uasset" 543
"../../../../../../Users/Brandon/Documents/Unreal Projects/TechChallenge/Content/StarterContent/Textures/T_Brick_Cut_Stone_D.uasset" 544
"../../../../../../Users/Brandon/Documents/Unreal Projects/TechChallenge/Content/StarterContent/Textures/T_Brick_Cut_Stone_N.uasset" 545
"../../../../../../Users/Brandon/Documents/Unreal Projects/TechChallenge/Content/StarterContent/Materials/M_Brick_Cut_Stone.uasset" 546
"../../../../../../Users/Brandon/Documents/Unreal Projects/TechChallenge/Content/StarterContent/Textures/T_Brick_Hewn_Stone_D.uasset" 547
"../../../../../../Users/Brandon/Documents/Unreal Projects/TechChallenge/Content/StarterContent/Textures/T_Brick_Hewn_Stone_M.uasset" 548
"../../../../../../Users/Brandon/Documents/Unreal Projects/TechChallenge/Content/StarterContent/Textures/T_Brick_Hewn_Stone_N.uasset" 549
"../../../../../../Users/Brandon/Documents/Unreal Projects/TechChallenge/Content/StarterContent/Materials/M_Brick_Hewn_Stone.uasset" 550
"../../../../../../Users/Brandon/Documents/Unreal Projects/TechChallenge/Content/StarterContent/Textures/T_Ceramic_Tile_M.uasset" 551
"../../../../../../Users/Brandon/Documents/Unreal Projects/TechChallenge/Content/StarterContent/Textures/T_Ceramic_Tile_N.uasset" 552
"../../../../../../Users/Brandon/Documents/Unreal Projects/TechChallenge/Content/StarterContent/Textures/T_Rock_Marble_Polished_D.uasset" 553
"../../../../../../Users/Brandon/Documents/Unreal Projects/TechChallenge/Content/StarterContent/Materials/M_Ceramic_Tile_Checker.uasset" 554
"../../../../../../Users/Brandon/Documents/Unreal Projects/TechChallenge/Content/StarterContent/Textures/T_CobbleStone_Pebble_D.uasset" 555
"../../../../../../Users/Brandon/Documents/Unreal Projects/TechChallenge/Content/StarterContent/Textures/T_CobbleStone_Pebble_M.uasset" 556
"../../../../../../Users/Brandon/Documents/Unreal Projects/TechChallenge/Content/StarterContent/Textures/T_CobbleStone_Pebble_N.uasset" 557
"../../../../../../Users/Brandon/Documents/Unreal Projects/TechChallenge/Content/StarterContent/Materials/M_CobbleStone_Pebble.uasset" 558
"../../../../../../Users/Brandon/Documents/Unreal Projects/TechChallenge/Content/StarterContent/Textures/T_CobbleStone_Rough_D.uasset" 559
"../../../../../../Users/Brandon/Documents/Unreal Projects/TechChallenge/Content/StarterContent/Textures/T_CobbleStone_Rough_N.uasset" 560
"../../../../../../Users/Brandon/Documents/Unreal Projects/TechChallenge/Content/StarterContent/Textures/T_Gradinet_01.uasset" 561
"../../../../../../Users/Brandon/Documents/Unreal Projects/TechChallenge/Content/StarterContent/Textures/T_Rock_Smooth_Granite_D.uasset" 562
"../../../../../../Users/Brandon/Documents/Unreal Projects/TechChallenge/Content/StarterContent/Materials/M_CobbleStone_Rough.uasset" 563
"../../../../../../Users/Brandon/Documents/Unreal Projects/TechChallenge/Content/StarterContent/Textures/T_CobbleStone_Smooth_D.uasset" 564
"../../../../../../Users/Brandon/Documents/Unreal Projects/TechChallenge/Content/StarterContent/Textures/T_CobbleStone_Smooth_M.uasset" 565
"../../../../../../Users/Brandon/Documents/Unreal Projects/TechChallenge/Content/StarterContent/Textures/T_CobbleStone_Smooth_N.uasset" 566
"../../../../../../Users/Brandon/Documents/Unreal Projects/TechChallenge/Content/StarterContent/Materials/M_CobbleStone_Smooth.uasset" 567
"../../../../../../Users/Brandon/Documents/Unreal Projects/TechChallenge/Content/StarterContent/Textures/T_Concrete_Grime_D.uasset" 568
"../../../../../../Users/Brandon/Documents/Unreal Projects/TechChallenge/Content/StarterContent/Textures/T_Metal_Rust_N.uasset" 569
"../../../../../../Users/Brandon/Documents/Unreal Projects/TechChallenge/Content/StarterContent/Materials/M_Concrete_Grime.uasset" 570
"../../../../../../Users/Brandon/Documents/Unreal Projects/TechChallenge/Content/StarterContent/Textures/T_Concrete_Panels_D.uasset" 571
"../../../../../../Users/Brandon/Documents/Unreal Projects/TechChallenge/Content/StarterContent/Textures/T_Concrete_Panels_N.uasset" 572
"../../../../../../Users/Brandon/Documents/Unreal Projects/TechChallenge/Content/StarterContent/Materials/M_Concrete_Panels.uasset" 573
"../../../../../../Users/Brandon/Documents/Unreal Projects/TechChallenge/Content/StarterContent/Textures/T_Concrete_Poured_D.uasset" 574
"../../../../../../Users/Brandon/Documents/Unreal Projects/TechChallenge/Content/StarterContent/Textures/T_Concrete_Poured_N.uasset" 575
"../../../../../../Users/Brandon/Documents/Unreal Projects/TechChallenge/Content/StarterContent/Materials/M_Concrete_Poured.uasset" 576
"../../../../../../Users/Brandon/Documents/Unreal Projects/TechChallenge/Content/StarterContent/Textures/T_Concrete_Tiles_D.uasset" 577
"../../../../../../Users/Brandon/Documents/Unreal Projects/TechChallenge/Content/StarterContent/Textures/T_Concrete_Tiles_M.uasset" 578
"../../../../../../Users/Brandon/Documents/Unreal Projects/TechChallenge/Content/StarterContent/Textures/T_Concrete_Tiles_N.uasset" 579
"../../../../../../Users/Brandon/Documents/Unreal Projects/TechChallenge/Content/StarterContent/Textures/T_Concrete_Tiles_Variation_M.uasset" 580
"../../../../../../Users/Brandon/Documents/Unreal Projects/TechChallenge/Content/StarterContent/Materials/M_Concrete_Tiles.uasset" 581
"../../../../../../Users/Brandon/Documents/Unreal Projects/TechChallenge/Content/StarterContent/Textures/T_Ground_Grass_D.uasset" 582
"../../../../../../Users/Brandon/Documents/Unreal Projects/TechChallenge/Content/StarterContent/Textures/T_Ground_Grass_N.uasset" 583
"../../../../../../Users/Brandon/Documents/Unreal Projects/TechChallenge/Content/StarterContent/Materials/M_Ground_Grass.uasset" 584
"../../../../../../Users/Brandon/Documents/Unreal Projects/TechChallenge/Content/StarterContent/Textures/T_Ground_Gravel_D.uasset" 585
"../../../../../../Users/Brandon/Documents/Unreal Projects/TechChallenge/Content/StarterContent/Textures/T_Ground_Gravel_N.uasset" 586
"../../../../../../Users/Brandon/Documents/Unreal Projects/TechChallenge/Content/StarterContent/Materials/M_Ground_Gravel.uasset" 587
"../../../../../../Users/Brandon/Documents/Unreal Projects/TechChallenge/Content/StarterContent/Textures/T_ground_Moss_D.uasset" 588
"../../../../../../Users/Brandon/Documents/Unreal Projects/TechChallenge/Content/StarterContent/Textures/T_Ground_Moss_N.uasset" 589
"../../../../../../Users/Brandon/Documents/Unreal Projects/TechChallenge/Content/StarterContent/Materials/M_Ground_Moss.uasset" 590
"../../../../../../Users/Brandon/Documents/Unreal Projects/TechChallenge/Content/StarterContent/Materials/M_Metal_Chrome.uasset" 591
"../../../../../../Users/Brandon/Documents/Unreal Projects/TechChallenge/Content/StarterContent/Textures/T_Metal_Gold_D.uasset" 592
"../../../../../../Users/Brandon/Documents/Unreal Projects/TechChallenge/Content/StarterContent/Materials/M_Metal_Gold.uasset" 593
"../../../../../../Users/Brandon/Documents/Unreal Projects/TechChallenge/Content/StarterContent/Textures/T_Metal_Rust_D.uasset" 594
"../../../../../../Users/Brandon/Documents/Unreal Projects/TechChallenge/Content/StarterContent/Materials/M_Metal_Rust.uasset" 595
"../../../../../../Users/Brandon/Documents/Unreal Projects/TechChallenge/Content/StarterContent/Textures/T_Metal_Steel_D.uasset" 596
"../../../../../../Users/Brandon/Documents/Unreal Projects/TechChallenge/Content/StarterContent/Textures/T_Metal_Steel_N.uasset" 597
"../../../../../../Users/Brandon/Documents/Unreal Projects/TechChallenge/Content/StarterContent/Materials/M_Metal_Steel.uasset" 598
"../../../../../../Users/Brandon/Documents/Unreal Projects/TechChallenge/Content/StarterContent/Textures/T_Rock_Basalt_N.uasset" 599
"../../../../../../Users/Brandon/Documents/Unreal Projects/TechChallenge/Content/StarterContent/Materials/M_Rock_Basalt.uasset" 600
"../../../../../../Users/Brandon/Documents/Unreal Projects/TechChallenge/Content/StarterContent/Materials/M_Rock_Marble_Polished.uasset" 601
"../../../../../../Users/Brandon/Documents/Unreal Projects/TechChallenge/Content/StarterContent/Textures/T_Rock_Sandstone_D.uasset" 602
"../../../../../../Users/Brandon/Documents/Unreal Projects/TechChallenge/Content/StarterContent/Textures/T_Rock_Sandstone_N.uasset" 603
"../../../../../../Users/Brandon/Documents/Unreal Projects/TechChallenge/Content/StarterContent/Materials/M_Rock_Sandstone.uasset" 604
"../../../../../../Users/Brandon/Documents/Unreal Projects/TechChallenge/Content/StarterContent/Textures/T_Rock_Slate_D.uasset" 605
"../../../../../../Users/Brandon/Documents/Unreal Projects/TechChallenge/Content/StarterContent/Textures/T_Rock_Slate_N.uasset" 606
"../../../../../../Users/Brandon/Documents/Unreal Projects/TechChallenge/Content/StarterContent/Materials/M_Rock_Slate.uasset" 607
"../../../../../../Users/Brandon/Documents/Unreal Projects/TechChallenge/Content/StarterContent/Textures/T_Checker_Noise_M.uasset" 608
"../../../../../../Users/Brandon/Documents/Unreal Projects/TechChallenge/Content/StarterContent/Textures/T_Single_Tile_N.uasset" 609
"../../../../../../Users/Brandon/Documents/Unreal Projects/TechChallenge/Content/StarterContent/Textures/T_Tech_Dot_M.uasset" 610
"../../../../../../Users/Brandon/Documents/Unreal Projects/TechChallenge/Content/StarterContent/Textures/T_Tech_Dot_N.uasset" 611
"../../../../../../Users/Brandon/Documents/Unreal Projects/TechChallenge/Content/StarterContent/Materials/M_Tech_Checker_Dot.uasset" 612
"../../../../../../Users/Brandon/Documents/Unreal Projects/TechChallenge/Content/StarterContent/Textures/T_Tech_Hex_Tile_M.uasset" 613
"../../../../../../Users/Brandon/Documents/Unreal Projects/TechChallenge/Content/StarterContent/Textures/T_Tech_Hex_Tile_N.uasset" 614
"../../../../../../Users/Brandon/Documents/Unreal Projects/TechChallenge/Content/StarterContent/Materials/M_Tech_Hex_Tile.uasset" 615
"../../../../../../Users/Brandon/Documents/Unreal Projects/TechChallenge/Content/StarterContent/Materials/M_Tech_Hex_Tile_Pulse.uasset" 616
"../../../../../../Users/Brandon/Documents/Unreal Projects/TechChallenge/Content/StarterContent/Textures/T_Tech_Panel_M.uasset" 617
"../../../../../../Users/Brandon/Documents/Unreal Projects/TechChallenge/Content/StarterContent/Textures/T_Tech_Panel_N.uasset" 618
"../../../../../../Users/Brandon/Documents/Unreal Projects/TechChallenge/Content/StarterContent/Materials/M_Tech_Panel.uasset" 619
"../../../../../../Users/Brandon/Documents/Unreal Projects/TechChallenge/Content/StarterContent/Materials/M_Water_Lake.uasset" 620
"../../../../../../Users/Brandon/Documents/Unreal Projects/TechChallenge/Content/StarterContent/Textures/T_Water_M.uasset" 621
"../../../../../../Users/Brandon/Documents/Unreal Projects/TechChallenge/Content/StarterContent/Materials/M_Water_Ocean.uasset" 622
"../../../../../../Users/Brandon/Documents/Unreal Projects/TechChallenge/Content/StarterContent/Textures/T_Wood_Floor_Walnut_D.uasset" 623
"../../../../../../Users/Brandon/Documents/Unreal Projects/TechChallenge/Content/StarterContent/Textures/T_Wood_Floor_Walnut_M.uasset" 624
"../../../../../../Users/Brandon/Documents/Unreal Projects/TechChallenge/Content/StarterContent/Textures/T_Wood_Floor_Walnut_N.uasset" 625
"../../../../../../Users/Brandon/Documents/Unreal Projects/TechChallenge/Content/StarterContent/Materials/M_Wood_Floor_Walnut_Polished.uasset" 626
"../../../Engine/Content/Functions/Engine_MaterialFunctions01/Opacity/AlphaOffset.uasset" 627
"../../../../../../Users/Brandon/Documents/Unreal Projects/TechChallenge/Content/StarterContent/Materials/M_Wood_Floor_Walnut_Worn.uasset" 628
"../../../../../../Users/Brandon/Documents/Unreal Projects/TechChallenge/Content/StarterContent/Textures/T_Wood_Oak_D.uasset" 629
"../../../../../../Users/Brandon/Documents/Unreal Projects/TechChallenge/Content/StarterContent/Textures/T_Wood_Oak_N.uasset" 630
"../../../../../../Users/Brandon/Documents/Unreal Projects/TechChallenge/Content/StarterContent/Materials/M_Wood_Oak.uasset" 631
"../../../../../../Users/Brandon/Documents/Unreal Projects/TechChallenge/Content/StarterContent/Textures/T_Wood_Pine_D.uasset" 632
"../../../../../../Users/Brandon/Documents/Unreal Projects/TechChallenge/Content/StarterContent/Textures/T_Wood_Pine_N.uasset" 633
"../../../../../../Users/Brandon/Documents/Unreal Projects/TechChallenge/Content/StarterContent/Materials/M_Wood_Pine.uasset" 634
"../../../../../../Users/Brandon/Documents/Unreal Projects/TechChallenge/Content/StarterContent/Textures/T_Wood_Walnut_D.uasset" 635
"../../../../../../Users/Brandon/Documents/Unreal Projects/TechChallenge/Content/StarterContent/Textures/T_Wood_Walnut_N.uasset" 636
"../../../../../../Users/Brandon/Documents/Unreal Projects/TechChallenge/Content/StarterContent/Materials/M_Wood_Walnut.uasset" 637
"../../../../../../Users/Brandon/Documents/Unreal Projects/TechChallenge/Content/StarterContent/Architecture/Wall_400x200.uasset" 638
"../../../../../../Users/Brandon/Documents/Unreal Projects/TechChallenge/Content/StarterContent/Architecture/Wall_Door_400x300.uasset" 639
"../../../../../../Users/Brandon/Documents/Unreal Projects/TechChallenge/Content/StarterContent/Architecture/Wall_Window_400x300.uasset" 640
"../../../../../../Users/Brandon/Documents/Unreal Projects/TechChallenge/Content/StarterContent/Audio/Collapse_Cue.uasset" 641
"../../../../../../Users/Brandon/Documents/Unreal Projects/TechChallenge/Content/StarterContent/Audio/Starter_Music_Cue.uasset" 642
"../../../../../../Users/Brandon/Documents/Unreal Projects/TechChallenge/Content/StarterContent/Textures/T_Dust_Particle_D.uasset" 643
"../../../../../../Users/Brandon/Documents/Unreal Projects/TechChallenge/Content/StarterContent/Particles/Materials/M_Dust_Particle.uasset" 644
"../../../../../../Users/Brandon/Documents/Unreal Projects/TechChallenge/Content/StarterContent/Particles/P_Ambient_Dust.uasset" 645
"../../../../../../Users/Brandon/Documents/Unreal Projects/TechChallenge/Content/StarterContent/Textures/T_Frame_M.uasset" 646
"../../../../../../Users/Brandon/Documents/Unreal Projects/TechChallenge/Content/StarterContent/Textures/T_Frame_N.uasset" 647
"../../../../../../Users/Brandon/Documents/Unreal Projects/TechChallenge/Content/StarterContent/Props/Materials/M_Frame.uasset" 648
"../../../../../../Users/Brandon/Documents/Unreal Projects/TechChallenge/Content/StarterContent/Props/SM_CornerFrame.uasset" 649
"../../../../../../Users/Brandon/Documents/Unreal Projects/TechChallenge/Content/StarterContent/Props/SM_DoorFrame.uasset" 650
"../../../../../../Users/Brandon/Documents/Unreal Projects/TechChallenge/Content/StarterContent/Props/SM_GlassWindow.uasset" 651
"../../../../../../Users/Brandon/Documents/Unreal Projects/TechChallenge/Content/StarterContent/Props/SM_PillarFrame.uasset" 652
"../../../../../../Users/Brandon/Documents/Unreal Projects/TechChallenge/Content/StarterContent/Props/SM_PillarFrame300.uasset" 653
"../../../../../../Users/Brandon/Documents/Unreal Projects/TechChallenge/Content/StarterContent/Props/SM_WindowFrame.uasset" 654
"../../../../../../Users/Brandon/Documents/Unreal Projects/TechChallenge/Content/StarterContent/Shapes/Shape_Cube.uasset" 655
"../../../../../../Users/Brandon/Documents/Unreal Projects/TechChallenge/Content/StarterContent/Shapes/Shape_QuadPyramid.uasset" 656
"../../../../../../Users/Brandon/Documents/Unreal Projects/TechChallenge/Content/StarterContent/Shapes/Shape_Sphere.uasset" 657
"../../../../../../Users/Brandon/Documents/Unreal Projects/TechChallenge/Content/StarterContent/Maps/StarterMap.umap" 658
"../../../../../../Users/Brandon/Documents/Unreal Projects/TechChallenge/Content/Blueprints/NPCs/Dialogue_Display_WBP.uasset" 659
"../../../../../../Users/Brandon/Documents/Unreal Projects/TechChallenge/Content/Blueprints/NPCs/NPC.uasset" 660
"../../../../../../Users/Brandon/Documents/Unreal Projects/TechChallenge/Content/Blueprints/Collectibles/DoubleHealth_Material.uasset" 661
"../../../../../../Users/Brandon/Documents/Unreal Projects/TechChallenge/Content/Blueprints/Collectibles/Collectible_DoubleHealth_CBP.uasset" 662
"../../../../../../Users/Brandon/Documents/Unreal Projects/TechChallenge/Content/SuperGrid/StarterPack/Source/Meshes/SuperGrid_Hexagon.uasset" 663
"../../../../../../Users/Brandon/Documents/Unreal Projects/TechChallenge/Content/SuperGrid/StarterPack/Source/Meshes/SuperGrid_SlantedBox22.uasset" 664
"../../../../../../Users/Brandon/Documents/Unreal Projects/TechChallenge/Content/Blueprints/Elevator_BP.uasset" 665
"../../../../../../Users/Brandon/Documents/Unreal Projects/TechChallenge/Content/Blueprints/Kill_Volume_BP.uasset" 666
"../../../../../../Users/Brandon/Documents/Unreal Projects/TechChallenge/Content/SuperGrid/StarterPack/Source/Meshes/SuperGrid_Box.uasset" 667
"../../../../../../Users/Brandon/Documents/Unreal Projects/TechChallenge/Content/SuperGrid/StarterPack/Blueprints/SuperGrid_DynamicStairs.uasset" 668
"../../../../../../Users/Brandon/Documents/Unreal Projects/TechChallenge/Content/ThirdPersonBP/Maps/Tech_Challenge_BuiltData.uasset" 669
"../../../Engine/Content/BasicShapes/BasicShapeMaterial.uasset" 670
"../../../../../../Users/Brandon/Documents/Unreal Projects/TechChallenge/Content/SuperGrid/StarterPack/Materials/Palette/Holographic/M_SuperGrid_Holo_Color.uasset" 671
"../../../Engine/Content/BasicShapes/Cube.uasset" 672
"../../../Engine/Content/BasicShapes/Cylinder.uasset" 673
"../../../../../../Users/Brandon/Documents/Unreal Projects/TechChallenge/Content/SuperGrid/StarterPack/Source/Meshes/SuperGrid_CylinderBend.uasset" 674
"../../../../../../Users/Brandon/Documents/Unreal Projects/TechChallenge/Content/SuperGrid/StarterPack/Source/Meshes/SuperGrid_CylinderQuarter.uasset" 675
"../../../../../../Users/Brandon/Documents/Unreal Projects/TechChallenge/Content/SuperGrid/StarterPack/Source/Meshes/SuperGrid_RingFull.uasset" 676
"../../../../../../Users/Brandon/Documents/Unreal Projects/TechChallenge/Content/SuperGrid/StarterPack/Source/Meshes/SuperGrid_SlantedBox35.uasset" 677
"../../../../../../Users/Brandon/Documents/Unreal Projects/TechChallenge/Content/SuperGrid/StarterPack/Source/Meshes/SuperGrid_SlantedBox45.uasset" 678
"../../../../../../Users/Brandon/Documents/Unreal Projects/TechChallenge/Content/Widgets/Health_Bar_BPW.uasset" 679
"../../../../../../Users/Brandon/Documents/Unreal Projects/TechChallenge/Content/ThirdPersonBP/Maps/Tech_Challenge.umap" 680
"../../../Engine/Content/Maps/Entry_BuiltData.uasset" 681
"../../../Engine/Content/Maps/Entry.umap" 682
